[2016-01-22 05:01:58] [E_NOTICE: Undefined index: usuario_nombre] [IN FILE /home/uqfhhbcn/public_html/app/Views/demo/index.php] [LINE 10]
[2016-01-22 05:01:04] [E_NOTICE: Undefined index: usuario_nombre] [IN FILE /home/uqfhhbcn/public_html/app/Views/demo/index.php] [LINE 10]
[2016-01-22 05:01:12] [E_NOTICE: Undefined index: usuario_nombre] [IN FILE /home/uqfhhbcn/public_html/app/Views/demo/index.php] [LINE 10]
[2016-01-22 05:01:53] [E_NOTICE: Undefined index: usuario_nombre] [IN FILE /home/uqfhhbcn/public_html/app/Views/demo/index.php] [LINE 10]
[2016-01-22 05:01:54] [E_NOTICE: Undefined index: usuario_nombre] [IN FILE /home/uqfhhbcn/public_html/app/Views/demo/index.php] [LINE 10]
[2016-01-22 05:01:31] [E_NOTICE: Undefined index: usuario_nombre] [IN FILE /home/uqfhhbcn/public_html/app/Views/demo/index.php] [LINE 10]
[2016-01-22 05:01:32] [E_NOTICE: Undefined index: usuario_nombre] [IN FILE /home/uqfhhbcn/public_html/app/Views/demo/index.php] [LINE 10]
[2016-01-22 05:01:43] [E_NOTICE: Undefined index: usuario_nombre] [IN FILE /home/uqfhhbcn/public_html/app/Views/demo/index.php] [LINE 10]
[2016-01-22 05:01:44] [E_NOTICE: Undefined index: usuario_nombre] [IN FILE /home/uqfhhbcn/public_html/app/Views/demo/index.php] [LINE 10]
[2016-01-22 05:01:01] [E_NOTICE: Undefined index: user_name] [IN FILE /home/uqfhhbcn/public_html/app/Views/account/login.php] [LINE 32]
[2016-01-22 05:01:28] [E_NOTICE: Undefined index: user_name] [IN FILE /home/uqfhhbcn/public_html/app/Views/account/login.php] [LINE 32]
[2016-01-22 05:01:29] [E_NOTICE: Undefined index: user_name] [IN FILE /home/uqfhhbcn/public_html/app/Views/account/login.php] [LINE 32]
[2016-01-22 05:01:31] [E_NOTICE: Undefined index: usuario_nombre] [IN FILE /home/uqfhhbcn/public_html/app/Views/demo/index.php] [LINE 10]
[2016-01-22 05:01:32] [E_NOTICE: Undefined index: user_name] [IN FILE /home/uqfhhbcn/public_html/app/Views/account/login.php] [LINE 32]
[2016-01-22 05:01:33] [E_NOTICE: A session had already been started - ignoring session_start()] [IN FILE /home/uqfhhbcn/public_html/framework/Model/ModelRegistration.php] [LINE 32]
[2016-01-22 05:01:34] [E_NOTICE: Undefined index: user_name] [IN FILE /home/uqfhhbcn/public_html/app/Views/account/login.php] [LINE 32]
[2016-01-22 05:01:09] [E_NOTICE: Undefined index: user_name] [IN FILE /home/uqfhhbcn/public_html/app/Views/account/login.php] [LINE 32]
[2016-01-22 05:01:15] [E_WARNING: Cannot modify header information - headers already sent by (output started at /home/uqfhhbcn/public_html/framework/Model.php:30)] [IN FILE /home/uqfhhbcn/public_html/framework/Model/ModelLogin.php] [LINE 369]
[2016-01-22 05:01:23] [E_NOTICE: Undefined index: usuario_nombre] [IN FILE /home/uqfhhbcn/public_html/app/Views/demo/index.php] [LINE 10]
[2016-01-22 05:01:24] [E_STRICT: Non-static method ModelLogin::isUserLoggedIn() should not be called statically] [IN FILE /home/uqfhhbcn/public_html/framework/Model.php] [LINE 43]
[2016-01-22 05:01:25] [E_NOTICE: Undefined index: usuario_nombre] [IN FILE /home/uqfhhbcn/public_html/app/Views/demo/index.php] [LINE 10]
[2016-01-22 05:01:26] [E_NOTICE: A session had already been started - ignoring session_start()] [IN FILE /home/uqfhhbcn/public_html/framework/Model/ModelRegistration.php] [LINE 32]
[2016-01-22 05:01:29] [E_STRICT: Non-static method ModelLogin::isUserLoggedIn() should not be called statically] [IN FILE /home/uqfhhbcn/public_html/framework/Model.php] [LINE 43]
[2016-01-22 05:01:29] [E_NOTICE: A session had already been started - ignoring session_start()] [IN FILE /home/uqfhhbcn/public_html/framework/Model/ModelRegistration.php] [LINE 32]
[2016-01-22 05:01:31] [E_STRICT: Non-static method ModelLogin::isUserLoggedIn() should not be called statically] [IN FILE /home/uqfhhbcn/public_html/framework/Model.php] [LINE 43]
[2016-01-22 05:01:32] [E_NOTICE: A session had already been started - ignoring session_start()] [IN FILE /home/uqfhhbcn/public_html/framework/Model/ModelRegistration.php] [LINE 32]
[2016-01-22 05:01:33] [E_STRICT: Non-static method ModelLogin::isUserLoggedIn() should not be called statically] [IN FILE /home/uqfhhbcn/public_html/framework/Model.php] [LINE 43]
[2016-01-22 05:01:36] [E_STRICT: Non-static method ModelLogin::isUserLoggedIn() should not be called statically] [IN FILE /home/uqfhhbcn/public_html/framework/Model.php] [LINE 43]
[2016-01-22 05:01:07] [E_NOTICE: Undefined index: usuario_nombre] [IN FILE /home/uqfhhbcn/public_html/app/Views/demo/index.php] [LINE 10]
[2016-01-22 05:01:09] [E_NOTICE: A session had already been started - ignoring session_start()] [IN FILE /home/uqfhhbcn/public_html/framework/Model/ModelRegistration.php] [LINE 32]
[2016-01-22 05:01:11] [E_NOTICE: Undefined index: usuario_nombre] [IN FILE /home/uqfhhbcn/public_html/app/Views/demo/index.php] [LINE 10]
[2016-01-22 05:01:16] [E_WARNING: Cannot modify header information - headers already sent by (output started at /home/uqfhhbcn/public_html/framework/Model.php:21)] [IN FILE /home/uqfhhbcn/public_html/framework/Model/ModelLogin.php] [LINE 369]
[2016-01-22 05:01:21] [E_NOTICE: Undefined index: usuario_nombre] [IN FILE /home/uqfhhbcn/public_html/app/Views/demo/index.php] [LINE 10]
[2016-01-22 05:01:27] [E_NOTICE: Undefined index: user_id] [IN FILE /home/uqfhhbcn/public_html/framework/Model/ModelLogin.php] [LINE 364]
[2016-01-22 05:01:28] [E_NOTICE: Undefined index: user_id] [IN FILE /home/uqfhhbcn/public_html/framework/Model/ModelLogin.php] [LINE 364]
[2016-01-22 05:01:32] [E_NOTICE: Undefined index: usuario_nombre] [IN FILE /home/uqfhhbcn/public_html/app/Views/demo/index.php] [LINE 10]
[2016-01-22 05:01:54] [E_NOTICE: Undefined index: usuario_nombre] [IN FILE /home/uqfhhbcn/public_html/app/Views/demo/index.php] [LINE 10]
[2016-01-22 05:01:55] [E_NOTICE: Undefined index: usuario_nombre] [IN FILE /home/uqfhhbcn/public_html/app/Views/demo/index.php] [LINE 10]
[2016-01-22 05:01:56] [E_NOTICE: Undefined index: usuario_nombre] [IN FILE /home/uqfhhbcn/public_html/app/Views/demo/index.php] [LINE 10]
[2016-01-22 05:01:58] [E_NOTICE: Undefined index: usuario_nombre] [IN FILE /home/uqfhhbcn/public_html/app/Views/demo/index.php] [LINE 10]
[2016-01-22 05:01:59] [E_NOTICE: Undefined index: user_name] [IN FILE /home/uqfhhbcn/public_html/app/Views/account/login.php] [LINE 32]
[2016-01-22 05:01:59] [E_NOTICE: A session had already been started - ignoring session_start()] [IN FILE /home/uqfhhbcn/public_html/framework/Model/ModelRegistration.php] [LINE 32]
[2016-01-22 05:01:03] [E_NOTICE: Undefined index: user_name] [IN FILE /home/uqfhhbcn/public_html/app/Views/account/login.php] [LINE 32]
[2016-01-22 05:01:36] [E_NOTICE: Undefined index: user_name] [IN FILE /home/uqfhhbcn/public_html/app/Views/account/login.php] [LINE 32]
[2016-01-22 05:01:14] [E_NOTICE: Undefined index: user_name] [IN FILE /home/uqfhhbcn/public_html/app/Views/account/login.php] [LINE 32]
[2016-01-22 05:01:24] [E_NOTICE: Undefined index: user_id] [IN FILE /home/uqfhhbcn/public_html/framework/Model/ModelLogin.php] [LINE 364]
[2016-01-22 05:01:25] [E_NOTICE: Undefined index: usuario_nombre] [IN FILE /home/uqfhhbcn/public_html/app/Views/demo/index.php] [LINE 10]
[2016-01-22 05:01:03] [E_NOTICE: Undefined index: usuario_nombre] [IN FILE /home/uqfhhbcn/public_html/app/Views/demo/index.php] [LINE 10]
[2016-01-22 05:01:04] [E_NOTICE: Undefined index: user_name] [IN FILE /home/uqfhhbcn/public_html/app/Views/account/login.php] [LINE 32]
[2016-01-22 05:01:12] [E_NOTICE: Undefined index: user_id] [IN FILE /home/uqfhhbcn/public_html/framework/Model/ModelLogin.php] [LINE 364]
[2016-01-22 05:01:15] [E_NOTICE: Undefined index: user_name] [IN FILE /home/uqfhhbcn/public_html/app/Views/account/login.php] [LINE 32]
[2016-01-22 05:01:50] [E_WARNING: Cannot modify header information - headers already sent by (output started at /home/uqfhhbcn/public_html/framework/Model.php:21)] [IN FILE /home/uqfhhbcn/public_html/framework/Model/ModelRouter.php] [LINE 39]
[2016-01-22 05:01:16] [E_WARNING: Cannot modify header information - headers already sent by (output started at /home/uqfhhbcn/public_html/framework/Model.php:21)] [IN FILE /home/uqfhhbcn/public_html/framework/Model/ModelRouter.php] [LINE 39]
[2016-01-22 05:01:15] [E_WARNING: Cannot modify header information - headers already sent by (output started at /home/uqfhhbcn/public_html/framework/Model.php:21)] [IN FILE /home/uqfhhbcn/public_html/framework/Model/ModelRouter.php] [LINE 39]
[2016-01-22 05:01:00] [E_WARNING: Cannot modify header information - headers already sent by (output started at /home/uqfhhbcn/public_html/framework/Model.php:21)] [IN FILE /home/uqfhhbcn/public_html/framework/Model/ModelRouter.php] [LINE 39]
[2016-01-22 05:01:01] [E_NOTICE: Undefined index: usuario_nombre] [IN FILE /home/uqfhhbcn/public_html/app/Views/demo/index.php] [LINE 10]
[2016-01-22 05:01:02] [E_WARNING: Cannot modify header information - headers already sent by (output started at /home/uqfhhbcn/public_html/framework/Model.php:21)] [IN FILE /home/uqfhhbcn/public_html/framework/Model/ModelRouter.php] [LINE 39]
[2016-01-22 05:01:04] [E_NOTICE: Undefined index: usuario_nombre] [IN FILE /home/uqfhhbcn/public_html/app/Views/demo/index.php] [LINE 10]
[2016-01-22 05:01:09] [E_NOTICE: Undefined index: usuario_nombre] [IN FILE /home/uqfhhbcn/public_html/app/Views/demo/index.php] [LINE 10]
[2016-01-22 05:01:11] [E_WARNING: Cannot modify header information - headers already sent by (output started at /home/uqfhhbcn/public_html/framework/Model.php:21)] [IN FILE /home/uqfhhbcn/public_html/framework/Model/ModelRouter.php] [LINE 39]
[2016-01-22 05:01:12] [E_WARNING: Cannot modify header information - headers already sent by (output started at /home/uqfhhbcn/public_html/framework/Model.php:21)] [IN FILE /home/uqfhhbcn/public_html/framework/Model/ModelRouter.php] [LINE 39]
[2016-01-22 05:01:12] [E_NOTICE: Undefined index: usuario_nombre] [IN FILE /home/uqfhhbcn/public_html/app/Views/demo/index.php] [LINE 10]
[2016-01-22 05:01:14] [E_WARNING: Cannot modify header information - headers already sent by (output started at /home/uqfhhbcn/public_html/framework/Model.php:21)] [IN FILE /home/uqfhhbcn/public_html/framework/Model/ModelRouter.php] [LINE 39]
[2016-01-22 05:01:15] [E_NOTICE: A session had already been started - ignoring session_start()] [IN FILE /home/uqfhhbcn/public_html/framework/Model/ModelRegistration.php] [LINE 32]
[2016-01-22 05:01:16] [E_WARNING: Cannot modify header information - headers already sent by (output started at /home/uqfhhbcn/public_html/framework/Model.php:21)] [IN FILE /home/uqfhhbcn/public_html/framework/Model/ModelRouter.php] [LINE 39]
[2016-01-22 05:01:17] [E_WARNING: Cannot modify header information - headers already sent by (output started at /home/uqfhhbcn/public_html/framework/Model.php:21)] [IN FILE /home/uqfhhbcn/public_html/framework/Model/ModelRouter.php] [LINE 39]
[2016-01-22 06:01:44] [E_NOTICE: Undefined index: user_name] [IN FILE /home/uqfhhbcn/public_html/app/Views/account/login.php] [LINE 32]
[2016-01-22 06:01:18] [E_NOTICE: A session had already been started - ignoring session_start()] [IN FILE /home/uqfhhbcn/public_html/framework/Model/ModelRegistration.php] [LINE 32]
[2016-01-23 05:01:47] [E_NOTICE: A session had already been started - ignoring session_start()] [IN FILE /home/uqfhhbcn/public_html/framework/Model/ModelRegistration.php] [LINE 32]
[2016-01-23 05:01:32] [E_WARNING: Missing argument 5 for ModelRegistration::registerNewUser(), called in /home/uqfhhbcn/public_html/framework/Model/ModelRegistration.php on line 36 and defined] [IN FILE /home/uqfhhbcn/public_html/framework/Model/ModelRegistration.php] [LINE 75]
[2016-01-23 05:01:33] [E_NOTICE: Undefined variable: captcha] [IN FILE /home/uqfhhbcn/public_html/framework/Model/ModelRegistration.php] [LINE 83]
[2016-01-23 05:01:40] [E_NOTICE: Undefined index: user_name] [IN FILE /home/uqfhhbcn/public_html/app/Views/account/login.php] [LINE 32]
[2016-01-23 05:01:47] [E_NOTICE: Undefined index: user_name] [IN FILE /home/uqfhhbcn/public_html/app/Views/account/login.php] [LINE 32]
[2016-01-23 05:01:18] [E_NOTICE: Undefined index: usuario_nombre] [IN FILE /home/uqfhhbcn/public_html/app/Views/demo/index.php] [LINE 10]
[2016-01-23 05:01:21] [E_NOTICE: Undefined index: user_name] [IN FILE /home/uqfhhbcn/public_html/app/Views/account/login.php] [LINE 32]
[2016-01-23 06:01:41] [E_NOTICE: Undefined index: user_name] [IN FILE /home/uqfhhbcn/public_html/app/Views/account/login.php] [LINE 32]
[2016-01-23 06:01:27] [E_NOTICE: Undefined index: usuario_nombre] [IN FILE /home/uqfhhbcn/public_html/framework/Model/ModelLogin.php] [LINE 99]
[2016-01-23 06:01:52] [E_NOTICE: Undefined index: usuario_nombre] [IN FILE /home/uqfhhbcn/public_html/framework/Model/ModelLogin.php] [LINE 99]
[2016-01-23 06:01:58] [E_NOTICE: Undefined index: usuario_nombre] [IN FILE /home/uqfhhbcn/public_html/framework/Model/ModelLogin.php] [LINE 99]
[2016-01-23 06:01:31] [E_NOTICE: Undefined index: usuario_nombre] [IN FILE /home/uqfhhbcn/public_html/framework/Model/ModelLogin.php] [LINE 99]
[2016-01-23 06:01:23] [E_NOTICE: Undefined index: usuario_nombre] [IN FILE /home/uqfhhbcn/public_html/framework/Model/ModelLogin.php] [LINE 99]
[2016-01-23 06:01:25] [E_NOTICE: Undefined index: usuario_nombre] [IN FILE /home/uqfhhbcn/public_html/framework/Model/ModelLogin.php] [LINE 99]
[2016-01-23 06:01:51] [E_NOTICE: Undefined index: usuario_nombre_usuario] [IN FILE /home/uqfhhbcn/public_html/framework/Model/ModelLogin.php] [LINE 99]
[2016-01-23 06:01:01] [E_NOTICE: Undefined index: usuario_nombre_usuario] [IN FILE /home/uqfhhbcn/public_html/framework/Model/ModelLogin.php] [LINE 99]
[2016-01-23 06:01:03] [E_NOTICE: Undefined index: usuario_nombre_usuario] [IN FILE /home/uqfhhbcn/public_html/framework/Model/ModelLogin.php] [LINE 99]
[2016-01-23 06:01:59] [E_NOTICE: Undefined property: stdClass::$user_active] [IN FILE /home/uqfhhbcn/public_html/framework/Model/ModelLogin.php] [LINE 276]
[2016-01-23 06:01:16] [E_NOTICE: Undefined index: user_name] [IN FILE /home/uqfhhbcn/public_html/app/Views/account/user.php] [LINE 5]
[2016-01-23 06:01:53] [E_NOTICE: Undefined index: usuario_usuario_nombre] [IN FILE /home/uqfhhbcn/public_html/app/Views/account/user.php] [LINE 5]
[2016-01-23 06:01:13] [E_NOTICE: Undefined index: usuario_id] [IN FILE /home/uqfhhbcn/public_html/framework/Model/ModelLogin.php] [LINE 364]
[2016-01-23 06:01:26] [E_NOTICE: Undefined index: usuario_id] [IN FILE /home/uqfhhbcn/public_html/framework/Model/ModelLogin.php] [LINE 364]
[2016-01-23 06:01:43] [E_NOTICE: Undefined index: usuario_id] [IN FILE /home/uqfhhbcn/public_html/framework/Model/ModelLogin.php] [LINE 364]
[2016-01-23 06:01:54] [E_WARNING: session_start(): Cannot send session cache limiter - headers already sent (output started at /home/uqfhhbcn/public_html/framework/Model.php:23)] [IN FILE /home/uqfhhbcn/public_html/framework/Model/ModelLogin.php] [LINE 360]
[2016-01-23 06:01:19] [E_NOTICE: Undefined index: usuario_id] [IN FILE /home/uqfhhbcn/public_html/framework/Model/ModelLogin.php] [LINE 367]
[2016-01-23 06:01:43] [E_WARNING: session_start(): Cannot send session cache limiter - headers already sent (output started at /home/uqfhhbcn/public_html/framework/Model.php:23)] [IN FILE /home/uqfhhbcn/public_html/framework/Model/ModelLogin.php] [LINE 360]
[2016-01-23 06:01:06] [E_NOTICE: Undefined index: usuario_id] [IN FILE /home/uqfhhbcn/public_html/framework/Model/ModelLogin.php] [LINE 364]
[2016-01-23 06:01:08] [E_NOTICE: Undefined index: usuario_id] [IN FILE /home/uqfhhbcn/public_html/framework/Model/ModelLogin.php] [LINE 364]
[2016-01-23 06:01:09] [E_NOTICE: Undefined index: usuario_id] [IN FILE /home/uqfhhbcn/public_html/framework/Model/ModelLogin.php] [LINE 364]
[2016-01-23 06:01:10] [E_NOTICE: Undefined index: usuario_id] [IN FILE /home/uqfhhbcn/public_html/framework/Model/ModelLogin.php] [LINE 364]
[2016-01-23 06:01:15] [E_NOTICE: Undefined index: usuario_id] [IN FILE /home/uqfhhbcn/public_html/framework/Model/ModelLogin.php] [LINE 364]
[2016-01-23 06:01:50] [E_NOTICE: Undefined index: usuario_id] [IN FILE /home/uqfhhbcn/public_html/framework/Model/ModelLogin.php] [LINE 364]
[2016-01-23 06:01:51] [E_NOTICE: Undefined index: usuario_id] [IN FILE /home/uqfhhbcn/public_html/framework/Model/ModelLogin.php] [LINE 364]
[2016-01-23 06:01:52] [E_NOTICE: Undefined index: usuario_id] [IN FILE /home/uqfhhbcn/public_html/framework/Model/ModelLogin.php] [LINE 364]
[2016-01-23 06:01:58] [E_NOTICE: Undefined index: usuario_id] [IN FILE /home/uqfhhbcn/public_html/framework/Model/ModelLogin.php] [LINE 364]
[2016-01-23 06:01:04] [E_NOTICE: Undefined index: usuario_id] [IN FILE /home/uqfhhbcn/public_html/framework/Model/ModelLogin.php] [LINE 364]
[2016-01-23 06:01:37] [E_NOTICE: Undefined index: usuario_id] [IN FILE /home/uqfhhbcn/public_html/framework/Model/ModelLogin.php] [LINE 364]
[2016-01-23 06:01:39] [E_NOTICE: Undefined index: usuario_id] [IN FILE /home/uqfhhbcn/public_html/framework/Model/ModelLogin.php] [LINE 364]
[2016-01-23 06:01:41] [E_NOTICE: Undefined index: usuario_id] [IN FILE /home/uqfhhbcn/public_html/framework/Model/ModelLogin.php] [LINE 364]
[2016-01-23 06:01:43] [E_NOTICE: Undefined index: usuario_id] [IN FILE /home/uqfhhbcn/public_html/framework/Model/ModelLogin.php] [LINE 364]
[2016-01-23 07:01:30] [E_NOTICE: Undefined index: usuario_id] [IN FILE /home/uqfhhbcn/public_html/framework/Model/ModelLogin.php] [LINE 360]
[2016-01-23 07:01:40] [E_NOTICE: Undefined index: usuario_id] [IN FILE /home/uqfhhbcn/public_html/framework/Model/ModelLogin.php] [LINE 360]
[2016-01-23 07:01:53] [E_NOTICE: A session had already been started - ignoring session_start()] [IN FILE /home/uqfhhbcn/public_html/framework/Model/ModelLogin.php] [LINE 360]
[2016-01-23 07:01:41] [E_WARNING: Cannot modify header information - headers already sent by (output started at /home/uqfhhbcn/public_html/framework/Model.php:24)] [IN FILE /home/uqfhhbcn/public_html/framework/Model/ModelLogin.php] [LINE 369]
[2016-01-24 08:01:03] [E_NOTICE: Undefined index: usuario_nombre] [IN FILE /home/uqfhhbcn/public_html/app/Views/demo/index.php] [LINE 10]
[2016-01-24 08:01:42] [E_NOTICE: Undefined index: usuario_nombre] [IN FILE /home/uqfhhbcn/public_html/app/Views/demo/index.php] [LINE 10]
[2016-01-24 05:01:23] [E_NOTICE: Undefined index: usuario_nombre] [IN FILE /home/uqfhhbcn/public_html/app/Views/demo/index.php] [LINE 10]
[2016-01-24 05:01:27] [E_NOTICE: Undefined index: usuario_nombre] [IN FILE /home/uqfhhbcn/public_html/app/Views/demo/index.php] [LINE 10]
[2016-01-24 05:01:41] [E_NOTICE: Undefined index: usuario_nombre] [IN FILE /home/uqfhhbcn/public_html/app/Views/demo/index.php] [LINE 10]
[2016-01-24 05:01:33] [E_NOTICE: Undefined index: usuario_nombre] [IN FILE /home/uqfhhbcn/public_html/app/Views/demo/index.php] [LINE 10]
[2016-01-24 05:01:15] [E_WARNING: Cannot modify header information - headers already sent by (output started at /home/uqfhhbcn/public_html/framework/Model.php:24)] [IN FILE /home/uqfhhbcn/public_html/framework/Model/ModelLogin.php] [LINE 369]
[2016-01-24 06:01:12] [E_NOTICE: Undefined index: usuario_nombre] [IN FILE /home/uqfhhbcn/public_html/app/Views/demo/index.php] [LINE 10]
[2016-01-24 06:01:15] [E_WARNING: Cannot modify header information - headers already sent by (output started at /home/uqfhhbcn/public_html/framework/Model.php:24)] [IN FILE /home/uqfhhbcn/public_html/framework/Model/ModelLogin.php] [LINE 369]
[2016-01-24 06:01:21] [E_NOTICE: Undefined index: usuario_nombre] [IN FILE /home/uqfhhbcn/public_html/app/Views/demo/index.php] [LINE 10]
[2016-01-24 06:01:36] [E_NOTICE: Undefined index: usuario_nombre] [IN FILE /home/uqfhhbcn/public_html/app/Views/demo/index.php] [LINE 10]
[2016-01-24 06:01:53] [E_NOTICE: Undefined index: usuario_nombre] [IN FILE /home/uqfhhbcn/public_html/app/Views/demo/index.php] [LINE 10]
[2016-01-24 07:01:24] [E_NOTICE: Undefined index: usuario_nombre] [IN FILE /home/uqfhhbcn/public_html/app/Views/demo/index.php] [LINE 10]
[2016-01-24 10:01:48] [E_NOTICE: Undefined index: usuario_nombre] [IN FILE /home/uqfhhbcn/public_html/app/Views/demo/index.php] [LINE 10]
[2016-01-25 04:01:00] [E_NOTICE: Undefined index: usuario_nombre] [IN FILE /home/uqfhhbcn/public_html/app/Views/demo/index.php] [LINE 10]
[2016-01-25 04:01:05] [E_NOTICE: Undefined index: usuario_nombre] [IN FILE /home/uqfhhbcn/public_html/app/Views/demo/index.php] [LINE 10]
[2016-01-25 05:01:32] [E_NOTICE: Undefined index: usuario_nombre] [IN FILE /home/uqfhhbcn/public_html/app/Views/demo/index.php] [LINE 10]
[2016-01-25 05:01:37] [E_NOTICE: Undefined index: usuario_nombre] [IN FILE /home/uqfhhbcn/public_html/app/Views/demo/index.php] [LINE 10]
[2016-01-25 05:01:40] [E_NOTICE: Undefined index: usuario_nombre] [IN FILE /home/uqfhhbcn/public_html/app/Views/demo/index.php] [LINE 10]
[2016-01-25 05:01:57] [E_NOTICE: Undefined index: usuario_nombre] [IN FILE /home/uqfhhbcn/public_html/app/Views/demo/index.php] [LINE 10]
[2016-01-25 05:01:41] [E_NOTICE: Undefined index: usuario_nombre] [IN FILE /home/uqfhhbcn/public_html/app/Views/demo/index.php] [LINE 10]
[2016-01-25 05:01:44] [E_NOTICE: Undefined index: usuario_nombre] [IN FILE /home/uqfhhbcn/public_html/app/Views/demo/index.php] [LINE 10]
[2016-01-25 06:01:38] [E_WARNING: Cannot modify header information - headers already sent by (output started at /home/uqfhhbcn/public_html/framework/Model/ModelError.php:4)] [IN FILE /home/uqfhhbcn/public_html/framework/Model/ModelLogin.php] [LINE 369]
[2016-01-25 06:01:14] [E_WARNING: Cannot modify header information - headers already sent by (output started at /home/uqfhhbcn/public_html/framework/Model/ModelError.php:4)] [IN FILE /home/uqfhhbcn/public_html/framework/Model/ModelLogin.php] [LINE 369]
[2016-01-25 06:01:15] [E_WARNING: Cannot modify header information - headers already sent by (output started at /home/uqfhhbcn/public_html/framework/Model/ModelError.php:4)] [IN FILE /home/uqfhhbcn/public_html/framework/Model/ModelLogin.php] [LINE 369]
[2016-01-25 06:01:17] [E_WARNING: Cannot modify header information - headers already sent by (output started at /home/uqfhhbcn/public_html/framework/Model/ModelError.php:4)] [IN FILE /home/uqfhhbcn/public_html/framework/Model/ModelLogin.php] [LINE 369]
[2016-01-25 06:01:17] [E_WARNING: Cannot modify header information - headers already sent by (output started at /home/uqfhhbcn/public_html/framework/Model/ModelError.php:4)] [IN FILE /home/uqfhhbcn/public_html/framework/Model/ModelLogin.php] [LINE 369]
[2016-01-25 06:01:18] [E_WARNING: Cannot modify header information - headers already sent by (output started at /home/uqfhhbcn/public_html/framework/Model/ModelError.php:4)] [IN FILE /home/uqfhhbcn/public_html/framework/Model/ModelLogin.php] [LINE 369]
[2016-01-25 06:01:19] [E_WARNING: Cannot modify header information - headers already sent by (output started at /home/uqfhhbcn/public_html/framework/Model/ModelError.php:4)] [IN FILE /home/uqfhhbcn/public_html/framework/Model/ModelLogin.php] [LINE 369]
[2016-01-25 06:01:20] [E_WARNING: Cannot modify header information - headers already sent by (output started at /home/uqfhhbcn/public_html/framework/Model/ModelError.php:4)] [IN FILE /home/uqfhhbcn/public_html/framework/Model/ModelLogin.php] [LINE 369]
[2016-01-25 06:01:21] [E_WARNING: Cannot modify header information - headers already sent by (output started at /home/uqfhhbcn/public_html/framework/Model/ModelError.php:4)] [IN FILE /home/uqfhhbcn/public_html/framework/Model/ModelLogin.php] [LINE 369]
[2016-01-25 06:01:17] [E_NOTICE: Undefined index: usuario_nombre] [IN FILE /home/uqfhhbcn/public_html/app/Views/demo/index.php] [LINE 10]
[2016-01-25 07:01:34] [E_NOTICE: Undefined index: usuario_nombre] [IN FILE /home/uqfhhbcn/public_html/app/Views/demo/index.php] [LINE 10]
[2016-01-25 07:01:38] [E_NOTICE: Undefined index: usuario_nombre] [IN FILE /home/uqfhhbcn/public_html/app/Views/demo/index.php] [LINE 10]
[2016-01-25 07:01:24] [E_WARNING: Cannot modify header information - headers already sent by (output started at /home/uqfhhbcn/public_html/framework/Model/ModelError.php:4)] [IN FILE /home/uqfhhbcn/public_html/framework/Model/ModelLogin.php] [LINE 369]
[2016-01-25 07:01:51] [E_WARNING: Cannot modify header information - headers already sent by (output started at /home/uqfhhbcn/public_html/framework/Model/ModelError.php:4)] [IN FILE /home/uqfhhbcn/public_html/framework/Model/ModelLogin.php] [LINE 369]
[2016-01-25 07:01:53] [E_WARNING: Cannot modify header information - headers already sent by (output started at /home/uqfhhbcn/public_html/framework/Model/ModelError.php:4)] [IN FILE /home/uqfhhbcn/public_html/framework/Model/ModelLogin.php] [LINE 369]
[2016-01-25 07:01:06] [E_WARNING: Cannot modify header information - headers already sent by (output started at /home/uqfhhbcn/public_html/framework/Model/ModelError.php:4)] [IN FILE /home/uqfhhbcn/public_html/framework/Model/ModelLogin.php] [LINE 369]
[2016-01-25 07:01:48] [E_NOTICE: Undefined index: usuario_nombre] [IN FILE /home/uqfhhbcn/public_html/app/Views/demo/index.php] [LINE 10]
